<?xml version="1.0" encoding="UTF-8"?>
<!-- Generated by org.testng.reporters.JUnitReportReporter -->
<testsuite hostname="DESKTOP-H22C1DS" failures="0" tests="2" name="com.testng.com.SimpleAnot1" time="0.135" errors="0" timestamp="2020-12-24T13:46:40 IST" skipped="0">
  <testcase classname="com.testng.com.SimpleAnot1" name="searchLaptop" time="0.124"/>
  <testcase classname="com.testng.com.SimpleAnot1" name="searchMobile" time="0.011"/>
</testsuite> <!-- com.testng.com.SimpleAnot1 -->
