<?xml version="1.0" encoding="UTF-8"?>
<!-- Generated by org.testng.reporters.JUnitReportReporter -->
<testsuite hostname="DESKTOP-H22C1DS" failures="0" tests="1" name="com.testng.ParameterTest1" time="0.028" errors="0" timestamp="2020-12-26T08:46:24 IST" skipped="0">
  <testcase classname="com.testng.ParameterTest1" name="login" time="0.028"/>
</testsuite> <!-- com.testng.ParameterTest1 -->
