<?xml version="1.0" encoding="UTF-8"?>
<!-- Generated by org.testng.reporters.JUnitReportReporter -->
<testsuite hostname="DESKTOP-H22C1DS" failures="0" tests="1" name="com.testng.Parameters1" time="0.086" errors="0" timestamp="2020-12-28T16:29:54 IST" skipped="0">
  <testcase classname="com.testng.Parameters1" name="login" time="0.086"/>
</testsuite> <!-- com.testng.Parameters1 -->
