<?xml version="1.0" encoding="UTF-8"?>
<!-- Generated by org.testng.reporters.JUnitReportReporter -->
<testsuite hostname="DESKTOP-H22C1DS" failures="0" tests="2" name="com.testng.com.ParallellTest1" time="53.223" errors="1" timestamp="2020-12-24T13:40:03 IST" skipped="0">
  <testcase classname="com.testng.com.ParallellTest1" name="test2" time="23.995">
    <error message="Timed out waiting for driver server to start.
Build info: version: &#039;3.141.59&#039;, revision: &#039;e82be7d358&#039;, time: &#039;2018-11-14T08:17:03&#039;
System info: host: &#039;DESKTOP-H22C1DS&#039;, ip: &#039;192.168.1.4&#039;, os.name: &#039;Windows 10&#039;, os.arch: &#039;amd64&#039;, os.version: &#039;10.0&#039;, java.version: &#039;15.0.1&#039;
Driver info: driver.version: InternetExplorerDriver" type="org.openqa.selenium.WebDriverException">
      <![CDATA[org.openqa.selenium.WebDriverException: Timed out waiting for driver server to start.
Build info: version: '3.141.59', revision: 'e82be7d358', time: '2018-11-14T08:17:03'
System info: host: 'DESKTOP-H22C1DS', ip: '192.168.1.4', os.name: 'Windows 10', os.arch: 'amd64', os.version: '10.0', java.version: '15.0.1'
Driver info: driver.version: InternetExplorerDriver
at org.openqa.selenium.remote.service.DriverService.waitUntilAvailable(DriverService.java:202)
at org.openqa.selenium.remote.service.DriverService.start(DriverService.java:188)
at org.openqa.selenium.remote.service.DriverCommandExecutor.execute(DriverCommandExecutor.java:79)
at org.openqa.selenium.remote.RemoteWebDriver.execute(RemoteWebDriver.java:552)
at org.openqa.selenium.remote.RemoteWebDriver.startSession(RemoteWebDriver.java:213)
at org.openqa.selenium.ie.InternetExplorerDriver.run(InternetExplorerDriver.java:221)
at org.openqa.selenium.ie.InternetExplorerDriver.<init>(InternetExplorerDriver.java:213)
at org.openqa.selenium.ie.InternetExplorerDriver.<init>(InternetExplorerDriver.java:150)
at com.testng.com.ParallellTest1.test2(ParallellTest1.java:25)
at java.base/jdk.internal.reflect.NativeMethodAccessorImpl.invoke0(Native Method)
at java.base/jdk.internal.reflect.NativeMethodAccessorImpl.invoke(NativeMethodAccessorImpl.java:64)
at java.base/jdk.internal.reflect.DelegatingMethodAccessorImpl.invoke(DelegatingMethodAccessorImpl.java:43)
at java.base/java.lang.reflect.Method.invoke(Method.java:564)
at org.testng.internal.MethodInvocationHelper.invokeMethod(MethodInvocationHelper.java:133)
at org.testng.internal.TestInvoker.invokeMethod(TestInvoker.java:584)
at org.testng.internal.TestInvoker.invokeTestMethod(TestInvoker.java:172)
at org.testng.internal.MethodRunner.runInSequence(MethodRunner.java:46)
at org.testng.internal.TestInvoker$MethodInvocationAgent.invoke(TestInvoker.java:804)
at org.testng.internal.TestInvoker.invokeTestMethods(TestInvoker.java:145)
at org.testng.internal.TestMethodWorker.invokeTestMethods(TestMethodWorker.java:146)
at org.testng.internal.TestMethodWorker.run(TestMethodWorker.java:128)
at java.base/java.util.concurrent.ThreadPoolExecutor.runWorker(ThreadPoolExecutor.java:1130)
at java.base/java.util.concurrent.ThreadPoolExecutor$Worker.run(ThreadPoolExecutor.java:630)
at java.base/java.lang.Thread.run(Thread.java:832)
Caused by: org.openqa.selenium.net.UrlChecker$TimeoutException: Timed out waiting for [http://localhost:43522/status] to be available after 20016 ms
at org.openqa.selenium.net.UrlChecker.waitUntilAvailable(UrlChecker.java:100)
at org.openqa.selenium.remote.service.DriverService.waitUntilAvailable(DriverService.java:197)
... 23 more
Caused by: java.util.concurrent.TimeoutException
at java.base/java.util.concurrent.FutureTask.get(FutureTask.java:204)
at com.google.common.util.concurrent.SimpleTimeLimiter.callWithTimeout(SimpleTimeLimiter.java:156)
at org.openqa.selenium.net.UrlChecker.waitUntilAvailable(UrlChecker.java:75)
... 24 more
]]>
    </error>
  </testcase> <!-- test2 -->
  <testcase classname="com.testng.com.ParallellTest1" name="test1" time="29.228"/>
</testsuite> <!-- com.testng.com.ParallellTest1 -->
