<?xml version="1.0" encoding="UTF-8"?>
<!-- Generated by org.testng.reporters.JUnitReportReporter -->
<testsuite hostname="DESKTOP-H22C1DS" failures="0" tests="3" name="com.testng.DataProvider1" time="0.042" errors="0" timestamp="2020-12-26T09:15:35 IST" skipped="0">
  <testcase classname="com.testng.DataProvider1" name="login" time="0.011"/>
  <testcase classname="com.testng.DataProvider1" name="login" time="0.026"/>
  <testcase classname="com.testng.DataProvider1" name="login" time="0.005"/>
</testsuite> <!-- com.testng.DataProvider1 -->
