<?xml version="1.0" encoding="UTF-8"?>
<!-- Generated by org.testng.reporters.JUnitReportReporter -->
<testsuite hostname="DESKTOP-H22C1DS" failures="0" tests="5" name="com.testng.com.IgnoreDemo" time="0.067" errors="0" timestamp="2020-12-24T13:30:27 IST" skipped="2">
  <testcase classname="com.testng.com.IgnoreDemo" name="axisBank" time="0.047"/>
  <testcase classname="com.testng.com.IgnoreDemo" name="kvbBank" time="0.011"/>
  <testcase classname="com.testng.com.IgnoreDemo" name="stateBank" time="0.009"/>
  <testcase classname="com.testng.com.IgnoreDemo" name="iobBank">
    <skipped/>
  </testcase> <!-- iobBank -->
  <testcase classname="com.testng.com.IgnoreDemo" name="indianBank">
    <skipped/>
  </testcase> <!-- indianBank -->
</testsuite> <!-- com.testng.com.IgnoreDemo -->
