<?xml version="1.0" encoding="UTF-8"?>
<!-- Generated by org.testng.reporters.JUnitReportReporter -->
<testsuite hostname="DESKTOP-H22C1DS" failures="0" tests="4" name="com.testng.Dprovider1" time="0.101" errors="0" timestamp="2020-12-28T16:43:09 IST" skipped="0">
  <testcase classname="com.testng.Dprovider1" name="login" time="0.018"/>
  <testcase classname="com.testng.Dprovider1" name="login" time="0.054"/>
  <testcase classname="com.testng.Dprovider1" name="login" time="0.012"/>
  <testcase classname="com.testng.Dprovider1" name="login" time="0.017"/>
</testsuite> <!-- com.testng.Dprovider1 -->
