<?xml version="1.0" encoding="UTF-8"?>
<!-- Generated by org.testng.reporters.JUnitReportReporter -->
<testsuite hostname="DESKTOP-H22C1DS" failures="0" tests="4" name="com.testng.IgnoreDemo" time="0.052" errors="0" timestamp="2020-12-25T12:54:40 IST" skipped="2">
  <testcase classname="com.testng.IgnoreDemo" name="axisBank" time="0.043"/>
  <testcase classname="com.testng.IgnoreDemo" name="stateBank" time="0.009"/>
  <testcase classname="com.testng.IgnoreDemo" name="iobBank">
    <skipped/>
  </testcase> <!-- iobBank -->
  <testcase classname="com.testng.IgnoreDemo" name="indianBank">
    <skipped/>
  </testcase> <!-- indianBank -->
</testsuite> <!-- com.testng.IgnoreDemo -->
