<?xml version="1.0" encoding="UTF-8"?>
<!-- Generated by org.testng.reporters.JUnitReportReporter -->
<testsuite hostname="DESKTOP-H22C1DS" failures="0" tests="1" name="com.testng.ParameterDemo" time="0.058" errors="0" timestamp="2020-12-25T21:27:49 IST" skipped="0">
  <testcase classname="com.testng.ParameterDemo" name="login" time="0.058"/>
</testsuite> <!-- com.testng.ParameterDemo -->
