<?xml version="1.0" encoding="UTF-8"?>
<!-- Generated by org.testng.reporters.JUnitReportReporter -->
<testsuite hostname="DESKTOP-H22C1DS" failures="0" tests="2" name="com.testng.com.TimeOutDemo" time="2.245" errors="1" timestamp="2020-12-24T13:49:17 IST" skipped="0">
  <testcase classname="com.testng.com.TimeOutDemo" name="userId" time="1.134"/>
  <testcase classname="com.testng.com.TimeOutDemo" name="passwd" time="1.111">
    <error message="Method com.testng.com.TimeOutDemo.passwd() didn&#039;t finish within the time-out 1000" type="org.testng.internal.thread.ThreadTimeoutException">
      <![CDATA[org.testng.internal.thread.ThreadTimeoutException: Method com.testng.com.TimeOutDemo.passwd() didn't finish within the time-out 1000
]]>
    </error>
  </testcase> <!-- passwd -->
</testsuite> <!-- com.testng.com.TimeOutDemo -->
